2014-12-03 00:12:19 /tmp/gateway.store.cache.php updated and reload workers
2014-12-03 00:12:20 /tmp/gateway.store.cache.php updated and reload workers
2014-12-03 00:36:43 /tmp/gateway.store.cache.php updated and reload workers
2014-12-03 00:36:44 /tmp/gateway.store.cache.php updated and reload workers
2014-12-03 00:44:18 /tmp/gateway.store.cache.php updated and reload workers
2014-12-03 00:44:19 /tmp/gateway.store.cache.php updated and reload workers
2014-12-03 00:45:56 /tmp/gateway.store.cache.php updated and reload workers
2014-12-03 00:45:57 /tmp/gateway.store.cache.php updated and reload workers
2014-12-03 00:46:43 /tmp/gateway.store.cache.php updated and reload workers
2014-12-03 00:46:45 /tmp/gateway.store.cache.php updated and reload workers
2014-12-03 00:48:00 /tmp/gateway.store.cache.php updated and reload workers
2014-12-03 00:48:03 Worker[FileMonitor]:terminal closed and reset workers fd
2014-12-03 08:46:53 Server:Workerman is starting ...
2014-12-03 08:46:55 Server:[1A
[KWorkerman start success ...[0m
2014-12-03 08:47:09 /tmp/gateway.store.cache.php updated and reload workers
2014-12-03 08:47:32 /tmp/gateway.store.cache.php updated and reload workers
2014-12-03 08:47:33 /tmp/gateway.store.cache.php updated and reload workers
2014-12-03 09:18:05 /tmp/gateway.store.cache.php updated and reload workers
2014-12-03 09:18:06 /tmp/gateway.store.cache.php updated and reload workers
2014-12-03 09:20:15 /tmp/gateway.store.cache.php updated and reload workers
2014-12-03 09:21:40 /tmp/gateway.store.cache.php updated and reload workers
2014-12-03 09:21:42 /tmp/gateway.store.cache.php updated and reload workers
2014-12-03 09:21:44 /tmp/gateway.store.cache.php updated and reload workers
2014-12-03 09:21:45 /tmp/gateway.store.cache.php updated and reload workers
2014-12-03 09:21:55 /tmp/gateway.store.cache.php updated and reload workers
2014-12-03 09:21:59 /tmp/gateway.store.cache.php updated and reload workers
2014-12-03 09:22:00 /tmp/gateway.store.cache.php updated and reload workers
2014-12-03 10:10:21 /tmp/gateway.store.cache.php updated and reload workers
2014-12-03 10:10:22 /tmp/gateway.store.cache.php updated and reload workers
2014-12-03 10:12:25 /tmp/gateway.store.cache.php updated and reload workers
2014-12-03 10:12:34 /tmp/gateway.store.cache.php updated and reload workers
2014-12-03 10:12:36 /tmp/gateway.store.cache.php updated and reload workers
2014-12-03 10:12:37 /tmp/gateway.store.cache.php updated and reload workers
2014-12-03 10:12:53 /tmp/gateway.store.cache.php updated and reload workers
2014-12-03 10:13:09 /tmp/gateway.store.cache.php updated and reload workers
2014-12-03 10:14:25 /tmp/gateway.store.cache.php updated and reload workers
2014-12-03 10:14:26 /tmp/gateway.store.cache.php updated and reload workers
2014-12-03 10:14:27 /tmp/group.store.cache.php updated and reload workers
2014-12-03 10:16:01 /tmp/gateway.store.cache.php updated and reload workers
2014-12-03 10:16:50 /tmp/gateway.store.cache.php updated and reload workers
2014-12-03 10:16:52 /tmp/gateway.store.cache.php updated and reload workers
2014-12-03 10:16:53 /tmp/gateway.store.cache.php updated and reload workers
2014-12-03 10:21:11 /tmp/gateway.store.cache.php updated and reload workers
2014-12-03 10:21:16 Worker[FileMonitor]:terminal closed and reset workers fd
