2015-01-20 22:56:24 Server:Workerman is starting ...
2015-01-20 22:56:25 Server:[1A
[KWorkerman start success ...[0m
2015-01-20 22:56:47 /tmp/gateway.store.cache.php updated and reload workers
2015-01-20 22:56:58 /tmp/gateway.store.cache.php updated and reload workers
2015-01-20 22:56:59 /tmp/gateway.store.cache.php updated and reload workers
2015-01-20 22:57:07 /tmp/gateway.store.cache.php updated and reload workers
2015-01-20 22:57:08 /tmp/gateway.store.cache.php updated and reload workers
2015-01-20 23:04:45 /tmp/gateway.store.cache.php updated and reload workers
2015-01-20 23:04:47 /tmp/gateway.store.cache.php updated and reload workers
2015-01-20 23:05:55 /tmp/gateway.store.cache.php updated and reload workers
2015-01-20 23:05:56 /tmp/gateway.store.cache.php updated and reload workers
2015-01-20 23:06:00 /tmp/gateway.store.cache.php updated and reload workers
2015-01-20 23:11:04 /tmp/gateway.store.cache.php updated and reload workers
2015-01-20 23:14:45 /tmp/gateway.store.cache.php updated and reload workers
2015-01-20 23:14:46 /tmp/gateway.store.cache.php updated and reload workers
2015-01-20 23:18:00 /tmp/gateway.store.cache.php updated and reload workers
2015-01-20 23:18:01 /tmp/gateway.store.cache.php updated and reload workers
2015-01-20 23:19:08 /tmp/gateway.store.cache.php updated and reload workers
2015-01-20 23:19:09 /tmp/gateway.store.cache.php updated and reload workers
2015-01-20 23:19:37 /tmp/gateway.store.cache.php updated and reload workers
2015-01-20 23:19:38 /tmp/gateway.store.cache.php updated and reload workers
2015-01-20 23:21:51 /tmp/gateway.store.cache.php updated and reload workers
2015-01-20 23:21:52 /tmp/gateway.store.cache.php updated and reload workers
2015-01-20 23:36:08 /tmp/gateway.store.cache.php updated and reload workers
2015-01-20 23:36:13 /tmp/gateway.store.cache.php updated and reload workers
2015-01-20 23:36:14 /tmp/group.store.cache.php updated and reload workers
2015-01-20 23:36:35 /tmp/gateway.store.cache.php updated and reload workers
2015-01-20 23:36:43 /tmp/gateway.store.cache.php updated and reload workers
2015-01-20 23:36:44 /tmp/group.store.cache.php updated and reload workers
2015-01-20 23:36:52 /tmp/gateway.store.cache.php updated and reload workers
2015-01-20 23:38:07 /tmp/gateway.store.cache.php updated and reload workers
2015-01-20 23:38:16 /tmp/gateway.store.cache.php updated and reload workers
2015-01-20 23:38:17 /tmp/group.store.cache.php updated and reload workers
2015-01-20 23:38:32 /tmp/gateway.store.cache.php updated and reload workers
2015-01-20 23:38:34 /tmp/gateway.store.cache.php updated and reload workers
2015-01-20 23:38:35 /tmp/gateway.store.cache.php updated and reload workers
