2015-01-17 19:47:52 Server:Workerman is starting ...
2015-01-17 19:47:52 Server:[1A
[KWorkerman start success ...[0m
2015-01-17 19:48:51 /tmp/gateway.store.cache.php updated and reload workers
2015-01-17 19:48:53 /tmp/gateway.store.cache.php updated and reload workers
2015-01-17 19:50:15 /tmp/gateway.store.cache.php updated and reload workers
2015-01-17 19:56:35 /tmp/gateway.store.cache.php updated and reload workers
2015-01-17 19:56:46 /tmp/gateway.store.cache.php updated and reload workers
2015-01-17 19:56:47 /tmp/gateway.store.cache.php updated and reload workers
2015-01-17 19:56:48 /tmp/gateway.store.cache.php updated and reload workers
2015-01-17 19:56:59 /tmp/gateway.store.cache.php updated and reload workers
2015-01-17 19:57:11 /tmp/gateway.store.cache.php updated and reload workers
2015-01-17 19:57:25 /tmp/gateway.store.cache.php updated and reload workers
2015-01-17 19:57:40 /tmp/gateway.store.cache.php updated and reload workers
2015-01-17 19:58:31 /tmp/gateway.store.cache.php updated and reload workers
2015-01-17 19:58:32 /tmp/gateway.store.cache.php updated and reload workers
2015-01-17 19:58:39 /tmp/gateway.store.cache.php updated and reload workers
2015-01-17 19:58:41 /tmp/gateway.store.cache.php updated and reload workers
2015-01-17 19:58:42 /tmp/gateway.store.cache.php updated and reload workers
2015-01-17 19:59:08 /tmp/gateway.store.cache.php updated and reload workers
2015-01-17 19:59:09 /tmp/gateway.store.cache.php updated and reload workers
2015-01-17 19:59:54 /tmp/gateway.store.cache.php updated and reload workers
2015-01-17 20:00:05 /tmp/gateway.store.cache.php updated and reload workers
2015-01-17 20:00:12 /tmp/gateway.store.cache.php updated and reload workers
2015-01-17 20:01:47 /tmp/gateway.store.cache.php updated and reload workers
2015-01-17 20:01:48 /tmp/gateway.store.cache.php updated and reload workers
2015-01-17 20:01:50 /tmp/gateway.store.cache.php updated and reload workers
2015-01-17 20:04:15 /tmp/gateway.store.cache.php updated and reload workers
2015-01-17 20:04:19 /tmp/gateway.store.cache.php updated and reload workers
2015-01-17 20:04:53 /tmp/gateway.store.cache.php updated and reload workers
2015-01-17 20:05:05 /tmp/gateway.store.cache.php updated and reload workers
2015-01-17 20:05:06 /tmp/gateway.store.cache.php updated and reload workers
2015-01-17 20:05:07 /tmp/gateway.store.cache.php updated and reload workers
2015-01-17 20:06:50 /tmp/gateway.store.cache.php updated and reload workers
2015-01-17 20:06:51 /tmp/gateway.store.cache.php updated and reload workers
2015-01-17 21:11:37 /tmp/gateway.store.cache.php updated and reload workers
2015-01-17 21:11:43 /tmp/gateway.store.cache.php updated and reload workers
2015-01-17 22:49:30 /tmp/gateway.store.cache.php updated and reload workers
2015-01-17 22:49:31 /tmp/gateway.store.cache.php updated and reload workers
2015-01-17 22:49:33 /tmp/gateway.store.cache.php updated and reload workers
2015-01-17 22:52:15 /tmp/gateway.store.cache.php updated and reload workers
2015-01-17 22:52:18 /tmp/gateway.store.cache.php updated and reload workers
2015-01-17 22:54:49 /tmp/gateway.store.cache.php updated and reload workers
2015-01-17 22:54:50 /tmp/gateway.store.cache.php updated and reload workers
2015-01-17 22:55:54 /tmp/gateway.store.cache.php updated and reload workers
2015-01-17 22:55:58 /tmp/gateway.store.cache.php updated and reload workers
2015-01-17 22:56:05 /tmp/gateway.store.cache.php updated and reload workers
2015-01-17 22:56:08 /tmp/gateway.store.cache.php updated and reload workers
2015-01-17 22:57:28 /tmp/gateway.store.cache.php updated and reload workers
2015-01-17 22:57:35 /tmp/gateway.store.cache.php updated and reload workers
2015-01-17 22:57:37 /tmp/gateway.store.cache.php updated and reload workers
2015-01-17 22:57:48 /tmp/gateway.store.cache.php updated and reload workers
2015-01-17 22:57:51 /tmp/gateway.store.cache.php updated and reload workers
2015-01-17 22:58:41 /tmp/gateway.store.cache.php updated and reload workers
2015-01-17 22:58:45 /tmp/gateway.store.cache.php updated and reload workers
2015-01-17 22:59:13 /tmp/gateway.store.cache.php updated and reload workers
2015-01-17 23:00:21 /tmp/gateway.store.cache.php updated and reload workers
2015-01-17 23:00:27 /tmp/gateway.store.cache.php updated and reload workers
2015-01-17 23:00:29 /tmp/gateway.store.cache.php updated and reload workers
2015-01-17 23:02:20 /tmp/gateway.store.cache.php updated and reload workers
2015-01-17 23:02:25 /tmp/gateway.store.cache.php updated and reload workers
2015-01-17 23:03:26 /tmp/gateway.store.cache.php updated and reload workers
2015-01-17 23:03:28 /tmp/gateway.store.cache.php updated and reload workers
2015-01-17 23:03:29 /tmp/gateway.store.cache.php updated and reload workers
2015-01-17 23:03:50 /tmp/gateway.store.cache.php updated and reload workers
2015-01-17 23:03:51 /tmp/gateway.store.cache.php updated and reload workers
2015-01-17 23:03:52 /tmp/gateway.store.cache.php updated and reload workers
2015-01-17 23:04:07 /tmp/gateway.store.cache.php updated and reload workers
2015-01-17 23:04:08 /tmp/gateway.store.cache.php updated and reload workers
2015-01-17 23:04:09 /tmp/gateway.store.cache.php updated and reload workers
2015-01-17 23:04:11 /tmp/gateway.store.cache.php updated and reload workers
2015-01-17 23:04:27 /tmp/gateway.store.cache.php updated and reload workers
2015-01-17 23:04:28 /tmp/gateway.store.cache.php updated and reload workers
2015-01-17 23:04:29 /tmp/gateway.store.cache.php updated and reload workers
2015-01-17 23:04:30 /tmp/gateway.store.cache.php updated and reload workers
2015-01-17 23:06:46 /tmp/gateway.store.cache.php updated and reload workers
2015-01-17 23:08:10 /tmp/gateway.store.cache.php updated and reload workers
2015-01-17 23:10:53 /tmp/gateway.store.cache.php updated and reload workers
2015-01-17 23:10:54 /tmp/gateway.store.cache.php updated and reload workers
2015-01-17 23:12:34 /tmp/gateway.store.cache.php updated and reload workers
2015-01-17 23:20:44 /tmp/gateway.store.cache.php updated and reload workers
2015-01-17 23:20:45 /tmp/group.store.cache.php updated and reload workers
2015-01-17 23:22:27 /tmp/gateway.store.cache.php updated and reload workers
2015-01-17 23:22:28 /tmp/gateway.store.cache.php updated and reload workers
2015-01-17 23:22:42 /tmp/gateway.store.cache.php updated and reload workers
2015-01-17 23:22:43 /tmp/gateway.store.cache.php updated and reload workers
2015-01-17 23:23:08 /tmp/gateway.store.cache.php updated and reload workers
2015-01-17 23:23:12 /tmp/gateway.store.cache.php updated and reload workers
2015-01-17 23:23:13 /tmp/gateway.store.cache.php updated and reload workers
2015-01-17 23:23:16 /tmp/gateway.store.cache.php updated and reload workers
2015-01-17 23:23:17 /tmp/gateway.store.cache.php updated and reload workers
2015-01-17 23:23:18 /tmp/gateway.store.cache.php updated and reload workers
2015-01-17 23:23:20 /tmp/gateway.store.cache.php updated and reload workers
2015-01-17 23:23:21 /tmp/gateway.store.cache.php updated and reload workers
2015-01-17 23:26:25 /tmp/gateway.store.cache.php updated and reload workers
2015-01-17 23:26:26 /tmp/gateway.store.cache.php updated and reload workers
2015-01-17 23:26:32 /tmp/gateway.store.cache.php updated and reload workers
2015-01-17 23:26:33 /tmp/gateway.store.cache.php updated and reload workers
2015-01-17 23:26:34 /tmp/gateway.store.cache.php updated and reload workers
2015-01-17 23:26:35 /tmp/gateway.store.cache.php updated and reload workers
2015-01-17 23:27:42 /tmp/gateway.store.cache.php updated and reload workers
2015-01-17 23:27:50 /tmp/gateway.store.cache.php updated and reload workers
2015-01-17 23:28:19 /tmp/gateway.store.cache.php updated and reload workers
2015-01-17 23:28:20 /tmp/gateway.store.cache.php updated and reload workers
2015-01-17 23:28:28 /tmp/gateway.store.cache.php updated and reload workers
2015-01-17 23:28:30 /tmp/gateway.store.cache.php updated and reload workers
2015-01-17 23:30:52 /tmp/gateway.store.cache.php updated and reload workers
2015-01-17 23:46:27 /tmp/gateway.store.cache.php updated and reload workers
2015-01-17 23:46:47 /tmp/gateway.store.cache.php updated and reload workers
2015-01-17 23:46:48 /tmp/gateway.store.cache.php updated and reload workers
2015-01-17 23:47:06 /tmp/gateway.store.cache.php updated and reload workers
2015-01-17 23:47:07 /tmp/gateway.store.cache.php updated and reload workers
2015-01-17 23:47:36 /tmp/gateway.store.cache.php updated and reload workers
2015-01-17 23:48:02 /tmp/gateway.store.cache.php updated and reload workers
2015-01-17 23:48:03 /tmp/gateway.store.cache.php updated and reload workers
2015-01-17 23:48:08 /tmp/gateway.store.cache.php updated and reload workers
2015-01-17 23:48:10 /tmp/gateway.store.cache.php updated and reload workers
