2015-01-18 00:23:53 /tmp/gateway.store.cache.php updated and reload workers
2015-01-18 00:25:10 /tmp/gateway.store.cache.php updated and reload workers
2015-01-18 00:25:11 /tmp/gateway.store.cache.php updated and reload workers
2015-01-18 00:25:12 /tmp/gateway.store.cache.php updated and reload workers
2015-01-18 00:25:13 /tmp/gateway.store.cache.php updated and reload workers
2015-01-18 00:25:17 /tmp/gateway.store.cache.php updated and reload workers
2015-01-18 00:25:27 /tmp/gateway.store.cache.php updated and reload workers
2015-01-18 00:25:28 /tmp/gateway.store.cache.php updated and reload workers
2015-01-18 00:25:32 /tmp/gateway.store.cache.php updated and reload workers
2015-01-18 00:25:33 /tmp/gateway.store.cache.php updated and reload workers
2015-01-18 00:25:36 /tmp/gateway.store.cache.php updated and reload workers
2015-01-18 00:25:46 /tmp/gateway.store.cache.php updated and reload workers
2015-01-18 00:25:47 /tmp/gateway.store.cache.php updated and reload workers
2015-01-18 00:25:48 /tmp/gateway.store.cache.php updated and reload workers
2015-01-18 00:27:26 /tmp/gateway.store.cache.php updated and reload workers
2015-01-18 00:27:59 /tmp/gateway.store.cache.php updated and reload workers
2015-01-18 00:28:00 /tmp/gateway.store.cache.php updated and reload workers
2015-01-18 00:29:40 /tmp/gateway.store.cache.php updated and reload workers
2015-01-18 00:30:01 Worker[FileMonitor]:terminal closed and reset workers fd
2015-01-18 21:49:31 Server:Workerman is starting ...
2015-01-18 21:49:31 Server:[1A
[KWorkerman start success ...[0m
2015-01-18 21:49:47 /tmp/gateway.store.cache.php updated and reload workers
2015-01-18 21:49:49 /tmp/gateway.store.cache.php updated and reload workers
2015-01-18 21:49:50 /tmp/gateway.store.cache.php updated and reload workers
2015-01-18 22:34:34 /tmp/gateway.store.cache.php updated and reload workers
2015-01-18 22:34:35 /tmp/gateway.store.cache.php updated and reload workers
2015-01-18 22:36:51 /tmp/gateway.store.cache.php updated and reload workers
2015-01-18 22:36:52 /tmp/gateway.store.cache.php updated and reload workers
2015-01-18 22:37:21 /tmp/gateway.store.cache.php updated and reload workers
2015-01-18 22:37:24 /tmp/gateway.store.cache.php updated and reload workers
2015-01-18 22:38:38 /tmp/gateway.store.cache.php updated and reload workers
2015-01-18 22:38:39 /tmp/gateway.store.cache.php updated and reload workers
2015-01-18 22:39:17 /tmp/gateway.store.cache.php updated and reload workers
2015-01-18 22:39:18 /tmp/gateway.store.cache.php updated and reload workers
2015-01-18 22:40:18 /tmp/gateway.store.cache.php updated and reload workers
2015-01-18 22:40:19 /tmp/gateway.store.cache.php updated and reload workers
2015-01-18 22:40:30 /tmp/gateway.store.cache.php updated and reload workers
2015-01-18 22:40:31 /tmp/gateway.store.cache.php updated and reload workers
2015-01-18 22:42:07 /tmp/gateway.store.cache.php updated and reload workers
2015-01-18 22:42:08 /tmp/group.store.cache.php updated and reload workers
2015-01-18 22:42:14 /tmp/gateway.store.cache.php updated and reload workers
2015-01-18 22:45:35 /tmp/gateway.store.cache.php updated and reload workers
2015-01-18 22:45:36 /tmp/group.store.cache.php updated and reload workers
2015-01-18 22:45:52 /tmp/gateway.store.cache.php updated and reload workers
2015-01-18 22:46:00 /tmp/gateway.store.cache.php updated and reload workers
2015-01-18 22:46:01 /tmp/gateway.store.cache.php updated and reload workers
2015-01-18 22:46:02 /tmp/gateway.store.cache.php updated and reload workers
2015-01-18 22:46:51 /tmp/gateway.store.cache.php updated and reload workers
2015-01-18 22:46:52 /tmp/gateway.store.cache.php updated and reload workers
2015-01-18 22:48:00 /tmp/gateway.store.cache.php updated and reload workers
2015-01-18 22:48:01 /tmp/gateway.store.cache.php updated and reload workers
2015-01-18 22:48:08 /tmp/gateway.store.cache.php updated and reload workers
2015-01-18 22:48:32 /tmp/gateway.store.cache.php updated and reload workers
2015-01-18 22:48:33 /tmp/gateway.store.cache.php updated and reload workers
2015-01-18 22:48:54 /tmp/gateway.store.cache.php updated and reload workers
2015-01-18 22:49:31 /tmp/gateway.store.cache.php updated and reload workers
2015-01-18 22:49:32 /tmp/gateway.store.cache.php updated and reload workers
2015-01-18 22:50:17 /tmp/gateway.store.cache.php updated and reload workers
2015-01-18 22:50:24 /tmp/gateway.store.cache.php updated and reload workers
2015-01-18 22:50:38 /tmp/gateway.store.cache.php updated and reload workers
2015-01-18 22:50:39 /tmp/gateway.store.cache.php updated and reload workers
2015-01-18 22:56:18 /tmp/gateway.store.cache.php updated and reload workers
2015-01-18 22:56:19 /tmp/gateway.store.cache.php updated and reload workers
2015-01-18 23:08:29 /tmp/gateway.store.cache.php updated and reload workers
2015-01-18 23:08:30 /tmp/group.store.cache.php updated and reload workers
2015-01-18 23:19:24 /tmp/gateway.store.cache.php updated and reload workers
2015-01-18 23:19:27 /tmp/gateway.store.cache.php updated and reload workers
2015-01-18 23:19:28 /tmp/group.store.cache.php updated and reload workers
2015-01-18 23:19:32 /tmp/gateway.store.cache.php updated and reload workers
2015-01-18 23:19:34 /tmp/gateway.store.cache.php updated and reload workers
2015-01-18 23:20:00 /tmp/gateway.store.cache.php updated and reload workers
2015-01-18 23:20:03 /tmp/gateway.store.cache.php updated and reload workers
2015-01-18 23:20:04 /tmp/gateway.store.cache.php updated and reload workers
2015-01-18 23:21:51 /tmp/gateway.store.cache.php updated and reload workers
2015-01-18 23:21:52 /tmp/gateway.store.cache.php updated and reload workers
2015-01-18 23:56:33 Worker[BusinessWorker]:WORKER EXIT UNEXPECTED  E_WARNING file_get_contents(/var/run/workerman-chat.pid): failed to open stream: No such file or directory in /var/www/html/intelligence_server/websocket/workerman/Core/Lib/Checker.php on line 276
2015-01-18 23:56:33 Worker[FileMonitor]:terminal closed and reset workers fd
