2014-11-19 00:12:41 /tmp/gateway.store.cache.php updated and reload workers
2014-11-19 00:12:43 /tmp/gateway.store.cache.php updated and reload workers
2014-11-19 00:21:32 /tmp/gateway.store.cache.php updated and reload workers
2014-11-19 00:23:07 /tmp/gateway.store.cache.php updated and reload workers
2014-11-19 00:23:12 /tmp/gateway.store.cache.php updated and reload workers
2014-11-19 00:23:14 /tmp/gateway.store.cache.php updated and reload workers
2014-11-19 00:23:28 /tmp/gateway.store.cache.php updated and reload workers
2014-11-19 00:23:32 Worker[FileMonitor]:terminal closed and reset workers fd
2014-11-19 08:38:18 Server:Workerman is starting ...
2014-11-19 08:38:18 Server:[1A
[KWorkerman start success ...[0m
2014-11-19 08:38:59 /tmp/gateway.store.cache.php updated and reload workers
2014-11-19 08:39:06 /tmp/gateway.store.cache.php updated and reload workers
2014-11-19 08:39:07 /tmp/gateway.store.cache.php updated and reload workers
2014-11-19 09:04:08 /tmp/gateway.store.cache.php updated and reload workers
2014-11-19 09:04:10 /tmp/gateway.store.cache.php updated and reload workers
2014-11-19 09:04:35 /tmp/gateway.store.cache.php updated and reload workers
2014-11-19 09:05:12 /tmp/gateway.store.cache.php updated and reload workers
2014-11-19 09:05:19 /tmp/gateway.store.cache.php updated and reload workers
2014-11-19 09:05:20 /tmp/gateway.store.cache.php updated and reload workers
2014-11-19 09:19:03 /tmp/gateway.store.cache.php updated and reload workers
2014-11-19 09:19:04 /tmp/gateway.store.cache.php updated and reload workers
2014-11-19 09:19:05 /tmp/group.store.cache.php updated and reload workers
2014-11-19 09:19:15 /tmp/gateway.store.cache.php updated and reload workers
2014-11-19 09:22:57 /tmp/gateway.store.cache.php updated and reload workers
2014-11-19 09:22:59 /tmp/gateway.store.cache.php updated and reload workers
2014-11-19 09:23:01 /tmp/gateway.store.cache.php updated and reload workers
2014-11-19 09:23:02 /tmp/group.store.cache.php updated and reload workers
2014-11-19 09:38:16 /tmp/gateway.store.cache.php updated and reload workers
2014-11-19 09:38:17 /tmp/group.store.cache.php updated and reload workers
2014-11-19 09:39:53 /tmp/gateway.store.cache.php updated and reload workers
2014-11-19 09:39:54 /tmp/gateway.store.cache.php updated and reload workers
2014-11-19 09:44:25 /tmp/gateway.store.cache.php updated and reload workers
2014-11-19 09:44:27 /tmp/gateway.store.cache.php updated and reload workers
2014-11-19 09:46:47 /tmp/gateway.store.cache.php updated and reload workers
2014-11-19 09:47:15 /tmp/gateway.store.cache.php updated and reload workers
2014-11-19 09:47:28 /tmp/gateway.store.cache.php updated and reload workers
2014-11-19 09:47:44 /tmp/gateway.store.cache.php updated and reload workers
2014-11-19 09:49:40 /tmp/gateway.store.cache.php updated and reload workers
2014-11-19 09:49:49 /tmp/gateway.store.cache.php updated and reload workers
2014-11-19 09:51:38 /tmp/gateway.store.cache.php updated and reload workers
2014-11-19 09:51:52 /tmp/gateway.store.cache.php updated and reload workers
2014-11-19 09:51:53 /tmp/gateway.store.cache.php updated and reload workers
2014-11-19 09:52:08 /tmp/gateway.store.cache.php updated and reload workers
2014-11-19 09:52:09 /tmp/gateway.store.cache.php updated and reload workers
2014-11-19 09:53:37 /tmp/gateway.store.cache.php updated and reload workers
2014-11-19 09:53:38 /tmp/gateway.store.cache.php updated and reload workers
2014-11-19 09:55:08 /tmp/gateway.store.cache.php updated and reload workers
2014-11-19 09:55:09 /tmp/gateway.store.cache.php updated and reload workers
2014-11-19 09:57:05 /tmp/gateway.store.cache.php updated and reload workers
2014-11-19 09:57:06 /tmp/gateway.store.cache.php updated and reload workers
2014-11-19 09:57:55 /tmp/gateway.store.cache.php updated and reload workers
2014-11-19 09:57:56 /tmp/gateway.store.cache.php updated and reload workers
2014-11-19 09:58:18 /tmp/gateway.store.cache.php updated and reload workers
2014-11-19 09:58:19 /tmp/gateway.store.cache.php updated and reload workers
2014-11-19 10:00:35 /tmp/gateway.store.cache.php updated and reload workers
2014-11-19 10:00:36 /tmp/gateway.store.cache.php updated and reload workers
2014-11-19 10:02:31 /tmp/gateway.store.cache.php updated and reload workers
2014-11-19 10:02:46 /tmp/gateway.store.cache.php updated and reload workers
2014-11-19 10:04:19 /tmp/gateway.store.cache.php updated and reload workers
2014-11-19 10:04:23 /tmp/gateway.store.cache.php updated and reload workers
2014-11-19 10:04:27 /tmp/gateway.store.cache.php updated and reload workers
2014-11-19 10:04:28 /tmp/gateway.store.cache.php updated and reload workers
2014-11-19 10:09:31 /tmp/gateway.store.cache.php updated and reload workers
2014-11-19 10:09:32 /tmp/gateway.store.cache.php updated and reload workers
2014-11-19 10:14:47 Worker[BusinessWorker]:WORKER EXIT UNEXPECTED  E_NOTICE Undefined index: key in /var/www/html/WSPDM/websocket/applications/Chat/Event.php on line 170
2014-11-19 10:14:47 Worker[BusinessWorker]:WORKER EXIT UNEXPECTED  E_WARNING file_get_contents(/var/run/workerman-chat.pid): failed to open stream: No such file or directory in /var/www/html/WSPDM/websocket/workerman/Core/Lib/Checker.php on line 276
2014-11-19 10:14:47 Worker[FileMonitor]:terminal closed and reset workers fd
2014-11-19 10:14:48 /tmp/gateway.store.cache.php updated and reload workers
2014-11-19 21:37:19 Server:Workerman is starting ...
2014-11-19 21:37:19 Server:[1A
[KWorkerman start success ...[0m
2014-11-19 21:38:38 /tmp/gateway.store.cache.php updated and reload workers
2014-11-19 21:38:41 /tmp/gateway.store.cache.php updated and reload workers
2014-11-19 21:38:42 /tmp/gateway.store.cache.php updated and reload workers
2014-11-19 21:41:17 /tmp/gateway.store.cache.php updated and reload workers
2014-11-19 21:41:18 /tmp/gateway.store.cache.php updated and reload workers
2014-11-19 21:49:02 /tmp/gateway.store.cache.php updated and reload workers
2014-11-19 21:49:03 /tmp/gateway.store.cache.php updated and reload workers
2014-11-19 21:49:51 /tmp/gateway.store.cache.php updated and reload workers
2014-11-19 21:49:52 /tmp/gateway.store.cache.php updated and reload workers
2014-11-19 21:49:54 /tmp/gateway.store.cache.php updated and reload workers
2014-11-19 21:54:21 /tmp/gateway.store.cache.php updated and reload workers
2014-11-19 21:55:14 /tmp/gateway.store.cache.php updated and reload workers
2014-11-19 21:55:16 /tmp/gateway.store.cache.php updated and reload workers
2014-11-19 21:55:47 /tmp/gateway.store.cache.php updated and reload workers
2014-11-19 21:55:48 /tmp/gateway.store.cache.php updated and reload workers
2014-11-19 21:56:36 /tmp/gateway.store.cache.php updated and reload workers
2014-11-19 21:57:49 /tmp/gateway.store.cache.php updated and reload workers
2014-11-19 21:57:55 /tmp/gateway.store.cache.php updated and reload workers
2014-11-19 22:00:15 /tmp/gateway.store.cache.php updated and reload workers
2014-11-19 22:00:16 /tmp/gateway.store.cache.php updated and reload workers
2014-11-19 22:00:34 /tmp/gateway.store.cache.php updated and reload workers
2014-11-19 22:01:09 /tmp/gateway.store.cache.php updated and reload workers
2014-11-19 22:01:10 /tmp/gateway.store.cache.php updated and reload workers
2014-11-19 22:02:14 /tmp/gateway.store.cache.php updated and reload workers
2014-11-19 22:02:17 /tmp/gateway.store.cache.php updated and reload workers
2014-11-19 22:02:18 /tmp/gateway.store.cache.php updated and reload workers
2014-11-19 22:02:21 /tmp/gateway.store.cache.php updated and reload workers
2014-11-19 22:02:22 /tmp/gateway.store.cache.php updated and reload workers
2014-11-19 22:02:24 /tmp/gateway.store.cache.php updated and reload workers
2014-11-19 22:02:25 /tmp/gateway.store.cache.php updated and reload workers
2014-11-19 22:05:30 /tmp/gateway.store.cache.php updated and reload workers
2014-11-19 22:05:31 /tmp/gateway.store.cache.php updated and reload workers
2014-11-19 22:05:34 /tmp/gateway.store.cache.php updated and reload workers
2014-11-19 22:05:35 /tmp/gateway.store.cache.php updated and reload workers
2014-11-19 22:09:29 /tmp/gateway.store.cache.php updated and reload workers
2014-11-19 22:09:30 /tmp/gateway.store.cache.php updated and reload workers
2014-11-19 22:14:17 /tmp/gateway.store.cache.php updated and reload workers
2014-11-19 22:14:18 /tmp/gateway.store.cache.php updated and reload workers
2014-11-19 22:27:27 /tmp/gateway.store.cache.php updated and reload workers
2014-11-19 22:28:12 /tmp/gateway.store.cache.php updated and reload workers
2014-11-19 22:28:13 /tmp/gateway.store.cache.php updated and reload workers
2014-11-19 22:28:47 /tmp/gateway.store.cache.php updated and reload workers
2014-11-19 22:29:07 /tmp/gateway.store.cache.php updated and reload workers
2014-11-19 22:32:20 /tmp/gateway.store.cache.php updated and reload workers
2014-11-19 22:32:21 /tmp/gateway.store.cache.php updated and reload workers
2014-11-19 22:34:37 /tmp/gateway.store.cache.php updated and reload workers
2014-11-19 22:34:39 /tmp/gateway.store.cache.php updated and reload workers
2014-11-19 22:36:05 /tmp/gateway.store.cache.php updated and reload workers
2014-11-19 22:36:06 /tmp/gateway.store.cache.php updated and reload workers
2014-11-19 22:36:30 /tmp/gateway.store.cache.php updated and reload workers
2014-11-19 22:36:31 /tmp/gateway.store.cache.php updated and reload workers
2014-11-19 22:38:26 /tmp/gateway.store.cache.php updated and reload workers
2014-11-19 22:38:27 /tmp/gateway.store.cache.php updated and reload workers
2014-11-19 22:39:56 /tmp/gateway.store.cache.php updated and reload workers
2014-11-19 22:42:50 /tmp/gateway.store.cache.php updated and reload workers
2014-11-19 22:43:18 /tmp/gateway.store.cache.php updated and reload workers
2014-11-19 22:48:25 /tmp/gateway.store.cache.php updated and reload workers
2014-11-19 22:48:26 /tmp/gateway.store.cache.php updated and reload workers
2014-11-19 22:49:48 /tmp/gateway.store.cache.php updated and reload workers
2014-11-19 22:49:49 /tmp/gateway.store.cache.php updated and reload workers
2014-11-19 22:52:16 /tmp/gateway.store.cache.php updated and reload workers
2014-11-19 22:52:17 /tmp/gateway.store.cache.php updated and reload workers
2014-11-19 22:56:22 /tmp/gateway.store.cache.php updated and reload workers
2014-11-19 22:56:23 /tmp/gateway.store.cache.php updated and reload workers
2014-11-19 22:56:24 /tmp/gateway.store.cache.php updated and reload workers
2014-11-19 23:08:25 /tmp/gateway.store.cache.php updated and reload workers
2014-11-19 23:08:26 /tmp/gateway.store.cache.php updated and reload workers
2014-11-19 23:11:34 /tmp/gateway.store.cache.php updated and reload workers
2014-11-19 23:11:35 /tmp/gateway.store.cache.php updated and reload workers
2014-11-19 23:16:17 /tmp/gateway.store.cache.php updated and reload workers
2014-11-19 23:16:18 /tmp/gateway.store.cache.php updated and reload workers
2014-11-19 23:19:05 /tmp/gateway.store.cache.php updated and reload workers
2014-11-19 23:39:21 /tmp/gateway.store.cache.php updated and reload workers
2014-11-19 23:40:29 /tmp/gateway.store.cache.php updated and reload workers
2014-11-19 23:40:34 /tmp/gateway.store.cache.php updated and reload workers
2014-11-19 23:40:35 /tmp/gateway.store.cache.php updated and reload workers
2014-11-19 23:41:16 /tmp/gateway.store.cache.php updated and reload workers
2014-11-19 23:41:35 /tmp/gateway.store.cache.php updated and reload workers
2014-11-19 23:42:09 /tmp/gateway.store.cache.php updated and reload workers
2014-11-19 23:47:32 Worker[FileMonitor]:terminal closed and reset workers fd
