2014-11-24 00:23:11 /tmp/gateway.store.cache.php updated and reload workers
2014-11-24 00:23:12 /tmp/gateway.store.cache.php updated and reload workers
2014-11-24 00:42:42 /tmp/gateway.store.cache.php updated and reload workers
2014-11-24 00:42:43 /tmp/gateway.store.cache.php updated and reload workers
2014-11-24 00:45:29 /tmp/gateway.store.cache.php updated and reload workers
2014-11-24 00:45:30 /tmp/gateway.store.cache.php updated and reload workers
2014-11-24 00:58:59 /tmp/gateway.store.cache.php updated and reload workers
2014-11-24 00:59:01 /tmp/gateway.store.cache.php updated and reload workers
2014-11-24 01:03:00 /tmp/gateway.store.cache.php updated and reload workers
2014-11-24 01:03:10 Worker[FileMonitor]:terminal closed and reset workers fd
2014-11-24 22:54:55 Server:Workerman is starting ...
2014-11-24 22:54:55 Server:[1A
[KWorkerman start success ...[0m
2014-11-24 22:55:09 /tmp/gateway.store.cache.php updated and reload workers
2014-11-24 22:55:10 /tmp/gateway.store.cache.php updated and reload workers
2014-11-24 22:55:11 /tmp/gateway.store.cache.php updated and reload workers
2014-11-24 22:58:23 /tmp/gateway.store.cache.php updated and reload workers
2014-11-24 22:58:24 /tmp/group.store.cache.php updated and reload workers
2014-11-24 23:22:25 /tmp/gateway.store.cache.php updated and reload workers
2014-11-24 23:25:02 /tmp/gateway.store.cache.php updated and reload workers
2014-11-24 23:43:08 /tmp/gateway.store.cache.php updated and reload workers
2014-11-24 23:43:09 /tmp/group.store.cache.php updated and reload workers
