2014-11-18 00:40:56 /tmp/gateway.store.cache.php updated and reload workers
2014-11-18 00:40:58 /tmp/gateway.store.cache.php updated and reload workers
2014-11-18 00:41:30 /tmp/gateway.store.cache.php updated and reload workers
2014-11-18 00:41:32 /tmp/gateway.store.cache.php updated and reload workers
2014-11-18 00:42:30 /tmp/gateway.store.cache.php updated and reload workers
2014-11-18 00:42:32 /tmp/gateway.store.cache.php updated and reload workers
2014-11-18 00:42:33 /tmp/gateway.store.cache.php updated and reload workers
2014-11-18 00:44:14 /tmp/gateway.store.cache.php updated and reload workers
2014-11-18 00:44:33 /tmp/gateway.store.cache.php updated and reload workers
2014-11-18 00:45:02 /tmp/gateway.store.cache.php updated and reload workers
2014-11-18 00:45:40 /tmp/gateway.store.cache.php updated and reload workers
2014-11-18 00:45:41 /tmp/gateway.store.cache.php updated and reload workers
2014-11-18 00:47:07 /tmp/gateway.store.cache.php updated and reload workers
2014-11-18 00:47:20 /tmp/gateway.store.cache.php updated and reload workers
2014-11-18 00:47:21 /tmp/gateway.store.cache.php updated and reload workers
2014-11-18 00:47:24 /tmp/gateway.store.cache.php updated and reload workers
2014-11-18 00:48:23 /tmp/gateway.store.cache.php updated and reload workers
2014-11-18 00:49:04 /tmp/gateway.store.cache.php updated and reload workers
2014-11-18 00:49:17 /tmp/gateway.store.cache.php updated and reload workers
2014-11-18 00:49:56 /tmp/gateway.store.cache.php updated and reload workers
2014-11-18 00:50:21 /tmp/gateway.store.cache.php updated and reload workers
2014-11-18 00:57:41 /tmp/gateway.store.cache.php updated and reload workers
2014-11-18 00:58:06 Worker[FileMonitor]:terminal closed and reset workers fd
2014-11-18 14:38:45 Server:Workerman is starting ...
2014-11-18 14:38:46 Server:[1A
[KWorkerman start success ...[0m
2014-11-18 14:39:00 /tmp/gateway.store.cache.php updated and reload workers
2014-11-18 14:39:03 /tmp/gateway.store.cache.php updated and reload workers
2014-11-18 14:40:05 /tmp/gateway.store.cache.php updated and reload workers
2014-11-18 14:40:57 /tmp/gateway.store.cache.php updated and reload workers
2014-11-18 14:41:09 /tmp/gateway.store.cache.php updated and reload workers
2014-11-18 14:41:14 /tmp/gateway.store.cache.php updated and reload workers
2014-11-18 14:41:15 /tmp/gateway.store.cache.php updated and reload workers
2014-11-18 14:47:16 /tmp/gateway.store.cache.php updated and reload workers
2014-11-18 14:50:56 /tmp/gateway.store.cache.php updated and reload workers
2014-11-18 14:51:20 /tmp/gateway.store.cache.php updated and reload workers
2014-11-18 15:00:32 /tmp/gateway.store.cache.php updated and reload workers
2014-11-18 15:02:18 /tmp/gateway.store.cache.php updated and reload workers
2014-11-18 15:02:25 /tmp/gateway.store.cache.php updated and reload workers
2014-11-18 15:03:58 /tmp/gateway.store.cache.php updated and reload workers
2014-11-18 15:07:26 /tmp/gateway.store.cache.php updated and reload workers
2014-11-18 15:07:59 /tmp/gateway.store.cache.php updated and reload workers
2014-11-18 15:08:20 /tmp/gateway.store.cache.php updated and reload workers
2014-11-18 15:08:58 /tmp/gateway.store.cache.php updated and reload workers
2014-11-18 15:09:43 /tmp/gateway.store.cache.php updated and reload workers
2014-11-18 15:12:18 /tmp/gateway.store.cache.php updated and reload workers
2014-11-18 15:13:03 /tmp/gateway.store.cache.php updated and reload workers
2014-11-18 15:13:22 /tmp/gateway.store.cache.php updated and reload workers
2014-11-18 15:13:45 /tmp/gateway.store.cache.php updated and reload workers
2014-11-18 15:14:08 /tmp/gateway.store.cache.php updated and reload workers
2014-11-18 15:19:10 /tmp/gateway.store.cache.php updated and reload workers
2014-11-18 15:24:46 /tmp/gateway.store.cache.php updated and reload workers
2014-11-18 15:25:15 /tmp/gateway.store.cache.php updated and reload workers
2014-11-18 15:25:44 /tmp/gateway.store.cache.php updated and reload workers
2014-11-18 15:28:05 /tmp/gateway.store.cache.php updated and reload workers
2014-11-18 15:28:20 /tmp/gateway.store.cache.php updated and reload workers
2014-11-18 15:29:13 /tmp/gateway.store.cache.php updated and reload workers
2014-11-18 15:30:02 /tmp/gateway.store.cache.php updated and reload workers
2014-11-18 15:30:18 /tmp/gateway.store.cache.php updated and reload workers
2014-11-18 15:42:28 /tmp/gateway.store.cache.php updated and reload workers
2014-11-18 15:42:29 /tmp/gateway.store.cache.php updated and reload workers
2014-11-18 15:43:24 /tmp/gateway.store.cache.php updated and reload workers
2014-11-18 15:43:25 /tmp/gateway.store.cache.php updated and reload workers
2014-11-18 16:12:40 /tmp/gateway.store.cache.php updated and reload workers
2014-11-18 16:12:43 /tmp/gateway.store.cache.php updated and reload workers
2014-11-18 16:13:19 /tmp/gateway.store.cache.php updated and reload workers
2014-11-18 16:13:20 /tmp/gateway.store.cache.php updated and reload workers
2014-11-18 16:13:49 /tmp/gateway.store.cache.php updated and reload workers
2014-11-18 16:15:59 /tmp/gateway.store.cache.php updated and reload workers
2014-11-18 16:16:11 /tmp/gateway.store.cache.php updated and reload workers
2014-11-18 16:17:00 /tmp/gateway.store.cache.php updated and reload workers
2014-11-18 17:01:58 /tmp/gateway.store.cache.php updated and reload workers
2014-11-18 17:01:59 /tmp/gateway.store.cache.php updated and reload workers
2014-11-18 17:05:58 /tmp/gateway.store.cache.php updated and reload workers
2014-11-18 17:05:59 /tmp/gateway.store.cache.php updated and reload workers
2014-11-18 17:07:17 /tmp/gateway.store.cache.php updated and reload workers
2014-11-18 17:08:45 /tmp/gateway.store.cache.php updated and reload workers
2014-11-18 17:11:07 /tmp/gateway.store.cache.php updated and reload workers
2014-11-18 17:14:08 /tmp/gateway.store.cache.php updated and reload workers
2014-11-18 17:14:43 /tmp/gateway.store.cache.php updated and reload workers
2014-11-18 17:15:01 /tmp/gateway.store.cache.php updated and reload workers
2014-11-18 17:15:43 /tmp/gateway.store.cache.php updated and reload workers
2014-11-18 17:16:18 /tmp/gateway.store.cache.php updated and reload workers
2014-11-18 17:16:23 /tmp/gateway.store.cache.php updated and reload workers
2014-11-18 17:17:44 /tmp/gateway.store.cache.php updated and reload workers
2014-11-18 17:17:52 /tmp/gateway.store.cache.php updated and reload workers
2014-11-18 17:18:01 /tmp/gateway.store.cache.php updated and reload workers
2014-11-18 17:18:58 /tmp/gateway.store.cache.php updated and reload workers
2014-11-18 17:19:16 /tmp/gateway.store.cache.php updated and reload workers
2014-11-18 17:19:32 /tmp/gateway.store.cache.php updated and reload workers
2014-11-18 17:19:34 /tmp/gateway.store.cache.php updated and reload workers
2014-11-18 17:19:35 /tmp/gateway.store.cache.php updated and reload workers
2014-11-18 17:19:41 /tmp/gateway.store.cache.php updated and reload workers
2014-11-18 17:19:42 /tmp/gateway.store.cache.php updated and reload workers
2014-11-18 17:19:44 /tmp/gateway.store.cache.php updated and reload workers
2014-11-18 17:20:37 /var/www/html/WSPDM/websocket/applications/Chat/Event.php updated and reload workers
2014-11-18 17:21:18 /var/www/html/WSPDM/websocket/applications/Chat/Event.php updated and reload workers
2014-11-18 17:21:20 /var/www/html/WSPDM/websocket/applications/Chat/Event.php updated and reload workers
2014-11-18 17:21:24 /var/www/html/WSPDM/websocket/applications/Chat/Event.php updated and reload workers
2014-11-18 17:21:31 /var/www/html/WSPDM/websocket/applications/Chat/Event.php updated and reload workers
2014-11-18 17:21:34 /tmp/gateway.store.cache.php updated and reload workers
2014-11-18 17:22:05 /var/www/html/WSPDM/websocket/applications/Chat/Event.php updated and reload workers
2014-11-18 17:22:07 /tmp/gateway.store.cache.php updated and reload workers
2014-11-18 17:26:52 /tmp/gateway.store.cache.php updated and reload workers
2014-11-18 17:26:53 /tmp/gateway.store.cache.php updated and reload workers
2014-11-18 19:39:22 /tmp/gateway.store.cache.php updated and reload workers
2014-11-18 19:39:23 /tmp/gateway.store.cache.php updated and reload workers
2014-11-18 19:39:27 /tmp/gateway.store.cache.php updated and reload workers
2014-11-18 19:39:55 /tmp/gateway.store.cache.php updated and reload workers
2014-11-18 19:39:56 /tmp/gateway.store.cache.php updated and reload workers
2014-11-18 19:48:22 /tmp/gateway.store.cache.php updated and reload workers
2014-11-18 19:48:25 /tmp/gateway.store.cache.php updated and reload workers
2014-11-18 19:48:27 /tmp/gateway.store.cache.php updated and reload workers
2014-11-18 19:48:35 /tmp/gateway.store.cache.php updated and reload workers
2014-11-18 19:48:36 /tmp/gateway.store.cache.php updated and reload workers
2014-11-18 19:49:51 /tmp/gateway.store.cache.php updated and reload workers
2014-11-18 19:49:52 /tmp/gateway.store.cache.php updated and reload workers
2014-11-18 19:49:54 /tmp/gateway.store.cache.php updated and reload workers
2014-11-18 19:49:55 /tmp/gateway.store.cache.php updated and reload workers
2014-11-18 19:52:32 /tmp/gateway.store.cache.php updated and reload workers
2014-11-18 19:53:41 /tmp/gateway.store.cache.php updated and reload workers
2014-11-18 19:53:42 /tmp/gateway.store.cache.php updated and reload workers
2014-11-18 19:54:39 /var/www/html/WSPDM/websocket/applications/Chat/Event.php updated and reload workers
2014-11-18 19:55:01 /var/www/html/WSPDM/websocket/applications/Chat/Event.php updated and reload workers
2014-11-18 19:55:37 /tmp/gateway.store.cache.php updated and reload workers
2014-11-18 19:55:38 /tmp/group.store.cache.php updated and reload workers
2014-11-18 19:56:38 /tmp/gateway.store.cache.php updated and reload workers
2014-11-18 19:56:40 /tmp/gateway.store.cache.php updated and reload workers
2014-11-18 19:58:58 Worker[FileMonitor]:terminal closed and reset workers fd
2014-11-18 19:59:20 /tmp/gateway.store.cache.php updated and reload workers
2014-11-18 19:59:21 /tmp/gateway.store.cache.php updated and reload workers
2014-11-18 19:59:24 /tmp/gateway.store.cache.php updated and reload workers
2014-11-18 19:59:25 /tmp/gateway.store.cache.php updated and reload workers
2014-11-18 20:46:08 /var/www/html/WSPDM/websocket/applications/Chat/Event.php updated and reload workers
2014-11-18 20:46:36 /tmp/gateway.store.cache.php updated and reload workers
2014-11-18 20:48:25 /tmp/gateway.store.cache.php updated and reload workers
2014-11-18 20:49:50 /tmp/gateway.store.cache.php updated and reload workers
2014-11-18 20:49:53 /tmp/gateway.store.cache.php updated and reload workers
2014-11-18 20:49:54 /tmp/gateway.store.cache.php updated and reload workers
2014-11-18 20:50:00 /tmp/gateway.store.cache.php updated and reload workers
2014-11-18 20:50:02 /tmp/gateway.store.cache.php updated and reload workers
2014-11-18 20:50:11 /tmp/gateway.store.cache.php updated and reload workers
2014-11-18 20:50:54 Server:Workerman is shutting down
2014-11-18 20:50:54 Server:Workerman stoped
2014-11-18 20:50:57 Server:Workerman is starting ...
2014-11-18 20:50:57 Server:[1A
[KWorkerman start success ...[0m
2014-11-18 20:51:43 /tmp/gateway.store.cache.php updated and reload workers
2014-11-18 20:55:02 /tmp/gateway.store.cache.php updated and reload workers
2014-11-18 20:55:06 /tmp/gateway.store.cache.php updated and reload workers
2014-11-18 20:55:10 /tmp/gateway.store.cache.php updated and reload workers
2014-11-18 20:55:22 /tmp/gateway.store.cache.php updated and reload workers
2014-11-18 20:55:23 /tmp/group.store.cache.php updated and reload workers
2014-11-18 20:56:52 /tmp/gateway.store.cache.php updated and reload workers
2014-11-18 20:56:56 /tmp/gateway.store.cache.php updated and reload workers
2014-11-18 21:05:57 /tmp/gateway.store.cache.php updated and reload workers
2014-11-18 21:05:58 Worker[FileMonitor]:terminal closed and reset workers fd
2014-11-18 21:11:33 Server:Workerman is starting ...
2014-11-18 21:11:33 Server:[1A
[KWorkerman start success ...[0m
2014-11-18 21:20:21 /tmp/gateway.store.cache.php updated and reload workers
2014-11-18 21:20:25 /tmp/gateway.store.cache.php updated and reload workers
2014-11-18 21:20:26 /tmp/gateway.store.cache.php updated and reload workers
2014-11-18 22:53:41 /tmp/gateway.store.cache.php updated and reload workers
2014-11-18 22:53:42 /tmp/gateway.store.cache.php updated and reload workers
2014-11-18 22:54:09 /tmp/gateway.store.cache.php updated and reload workers
2014-11-18 22:54:10 /tmp/gateway.store.cache.php updated and reload workers
2014-11-18 22:55:17 /tmp/gateway.store.cache.php updated and reload workers
2014-11-18 22:55:26 /tmp/gateway.store.cache.php updated and reload workers
2014-11-18 22:55:27 /tmp/gateway.store.cache.php updated and reload workers
2014-11-18 22:55:39 /tmp/gateway.store.cache.php updated and reload workers
2014-11-18 22:56:11 /tmp/gateway.store.cache.php updated and reload workers
2014-11-18 22:56:13 /tmp/gateway.store.cache.php updated and reload workers
2014-11-18 22:56:14 /tmp/gateway.store.cache.php updated and reload workers
2014-11-18 22:56:58 /tmp/gateway.store.cache.php updated and reload workers
2014-11-18 22:56:59 /tmp/gateway.store.cache.php updated and reload workers
2014-11-18 22:57:03 /tmp/gateway.store.cache.php updated and reload workers
2014-11-18 22:57:04 /tmp/gateway.store.cache.php updated and reload workers
2014-11-18 22:58:12 /tmp/gateway.store.cache.php updated and reload workers
2014-11-18 23:03:02 /tmp/gateway.store.cache.php updated and reload workers
2014-11-18 23:03:03 /tmp/gateway.store.cache.php updated and reload workers
2014-11-18 23:07:14 /tmp/gateway.store.cache.php updated and reload workers
2014-11-18 23:07:19 /tmp/gateway.store.cache.php updated and reload workers
2014-11-18 23:08:13 /tmp/gateway.store.cache.php updated and reload workers
2014-11-18 23:08:14 /tmp/gateway.store.cache.php updated and reload workers
2014-11-18 23:11:20 /tmp/gateway.store.cache.php updated and reload workers
2014-11-18 23:11:21 /tmp/gateway.store.cache.php updated and reload workers
2014-11-18 23:12:46 /tmp/gateway.store.cache.php updated and reload workers
2014-11-18 23:12:47 /tmp/gateway.store.cache.php updated and reload workers
2014-11-18 23:14:46 /tmp/gateway.store.cache.php updated and reload workers
2014-11-18 23:14:47 /tmp/gateway.store.cache.php updated and reload workers
2014-11-18 23:15:39 /tmp/gateway.store.cache.php updated and reload workers
2014-11-18 23:15:40 /tmp/gateway.store.cache.php updated and reload workers
2014-11-18 23:20:09 /tmp/gateway.store.cache.php updated and reload workers
2014-11-18 23:20:10 /tmp/gateway.store.cache.php updated and reload workers
2014-11-18 23:20:53 /tmp/gateway.store.cache.php updated and reload workers
2014-11-18 23:20:54 /tmp/group.store.cache.php updated and reload workers
2014-11-18 23:20:58 /tmp/gateway.store.cache.php updated and reload workers
2014-11-18 23:21:00 /tmp/gateway.store.cache.php updated and reload workers
2014-11-18 23:27:19 /tmp/gateway.store.cache.php updated and reload workers
2014-11-18 23:27:20 /tmp/gateway.store.cache.php updated and reload workers
2014-11-18 23:39:27 /tmp/gateway.store.cache.php updated and reload workers
2014-11-18 23:39:28 /tmp/gateway.store.cache.php updated and reload workers
