2014-12-02 18:21:29 Server:Workerman is starting ...
2014-12-02 18:21:30 Server:[1A
[KWorkerman start success ...[0m
2014-12-02 18:21:39 /tmp/gateway.store.cache.php updated and reload workers
2014-12-02 18:21:41 /tmp/gateway.store.cache.php updated and reload workers
2014-12-02 18:21:42 /tmp/gateway.store.cache.php updated and reload workers
2014-12-02 18:22:00 /tmp/gateway.store.cache.php updated and reload workers
2014-12-02 18:54:02 /tmp/gateway.store.cache.php updated and reload workers
2014-12-02 18:54:04 /tmp/gateway.store.cache.php updated and reload workers
2014-12-02 18:54:05 /tmp/group.store.cache.php updated and reload workers
2014-12-02 19:16:07 /tmp/gateway.store.cache.php updated and reload workers
2014-12-02 19:16:08 /tmp/gateway.store.cache.php updated and reload workers
2014-12-02 19:23:58 /tmp/gateway.store.cache.php updated and reload workers
2014-12-02 20:30:43 /tmp/gateway.store.cache.php updated and reload workers
2014-12-02 20:54:14 /tmp/gateway.store.cache.php updated and reload workers
2014-12-02 20:54:16 /tmp/gateway.store.cache.php updated and reload workers
2014-12-02 21:14:47 /tmp/gateway.store.cache.php updated and reload workers
2014-12-02 21:14:48 /tmp/group.store.cache.php updated and reload workers
2014-12-02 21:14:50 /tmp/gateway.store.cache.php updated and reload workers
2014-12-02 21:14:57 Worker[FileMonitor]:terminal closed and reset workers fd
2014-12-02 22:27:53 Server:Workerman is starting ...
2014-12-02 22:27:53 Server:[1A
[KWorkerman start success ...[0m
2014-12-02 22:28:00 /tmp/gateway.store.cache.php updated and reload workers
2014-12-02 22:28:03 /tmp/gateway.store.cache.php updated and reload workers
2014-12-02 22:33:00 /tmp/gateway.store.cache.php updated and reload workers
2014-12-02 22:33:01 /tmp/gateway.store.cache.php updated and reload workers
2014-12-02 22:33:25 /tmp/gateway.store.cache.php updated and reload workers
2014-12-02 22:35:18 /tmp/gateway.store.cache.php updated and reload workers
2014-12-02 22:52:40 /tmp/gateway.store.cache.php updated and reload workers
2014-12-02 22:52:41 /tmp/group.store.cache.php updated and reload workers
2014-12-02 22:54:01 /tmp/gateway.store.cache.php updated and reload workers
2014-12-02 22:54:02 /tmp/gateway.store.cache.php updated and reload workers
2014-12-02 22:55:22 /tmp/gateway.store.cache.php updated and reload workers
2014-12-02 22:55:23 /tmp/gateway.store.cache.php updated and reload workers
2014-12-02 22:56:47 /tmp/gateway.store.cache.php updated and reload workers
2014-12-02 22:56:48 /tmp/gateway.store.cache.php updated and reload workers
2014-12-02 23:17:45 /tmp/gateway.store.cache.php updated and reload workers
2014-12-02 23:17:46 /tmp/gateway.store.cache.php updated and reload workers
2014-12-02 23:17:47 /tmp/gateway.store.cache.php updated and reload workers
2014-12-02 23:17:48 /tmp/gateway.store.cache.php updated and reload workers
2014-12-02 23:18:07 /tmp/gateway.store.cache.php updated and reload workers
2014-12-02 23:18:09 /tmp/gateway.store.cache.php updated and reload workers
2014-12-02 23:18:47 /tmp/gateway.store.cache.php updated and reload workers
2014-12-02 23:18:48 /tmp/gateway.store.cache.php updated and reload workers
2014-12-02 23:19:02 /tmp/gateway.store.cache.php updated and reload workers
2014-12-02 23:19:03 /tmp/group.store.cache.php updated and reload workers
2014-12-02 23:20:35 /tmp/gateway.store.cache.php updated and reload workers
2014-12-02 23:20:36 /tmp/group.store.cache.php updated and reload workers
2014-12-02 23:23:31 /tmp/gateway.store.cache.php updated and reload workers
2014-12-02 23:23:32 /tmp/group.store.cache.php updated and reload workers
2014-12-02 23:34:40 /tmp/gateway.store.cache.php updated and reload workers
2014-12-02 23:34:41 /tmp/gateway.store.cache.php updated and reload workers
